<?xml version="1.0" encoding="UTF-8"?>
<testng-results ignored="0" total="1" passed="1" failed="0" skipped="0">
  <reporter-output>
  </reporter-output>
  <suite started-at="2023-10-30T15:37:05 IST" name="Default suite" finished-at="2023-10-30T15:37:05 IST" duration-ms="42">
    <groups>
    </groups>
    <test started-at="2023-10-30T15:37:05 IST" name="Default test" finished-at="2023-10-30T15:37:05 IST" duration-ms="42">
      <class name="sauceDemo.Utilities.GetVariables">
        <test-method signature="GettingVariables()[pri:0, instance:sauceDemo.Utilities.GetVariables@183ec003]" started-at="2023-10-30T15:37:05 IST" name="GettingVariables" finished-at="2023-10-30T15:37:05 IST" duration-ms="7" status="PASS">
          <reporter-output>
          </reporter-output>
        </test-method> <!-- GettingVariables -->
      </class> <!-- sauceDemo.Utilities.GetVariables -->
    </test> <!-- Default test -->
  </suite> <!-- Default suite -->
</testng-results>
